Using pre-set license
Built from '6000.0/staging' branch; Version is '6000.0.40f1 (157d81624ddf) revision 1408385'; Using compiler version '193933523'; Build Type 'Release'
OS: 'Windows 11  (10.0.26100) 64bit Core' Language: 'ko' Physical Memory: 65356 MB
BatchMode: 1, IsHumanControllingUs: 0, StartBugReporterOnCrash: 0, Is64bit: 1, IsPro: 1

COMMAND LINE ARGUMENTS:
C:\Program Files\Unity\Hub\Editor\6000.0.40f1\Editor\Unity.exe
-adb2
-batchMode
-noUpm
-name
AssetImportWorker1
-projectPath
C:/state2dPlaformer/GaemaMusa
-logFile
Logs/AssetImportWorker1.log
-srvPort
58061
-job-worker-count
9
-background-job-worker-count
8
-gc-helper-count
1
Successfully changed project path to: C:/state2dPlaformer/GaemaMusa
C:/state2dPlaformer/GaemaMusa
[UnityMemory] Configuration Parameters - Can be set up in boot.config
    "memorysetup-bucket-allocator-granularity=16"
    "memorysetup-bucket-allocator-bucket-count=8"
    "memorysetup-bucket-allocator-block-size=33554432"
    "memorysetup-bucket-allocator-block-count=8"
    "memorysetup-main-allocator-block-size=16777216"
    "memorysetup-thread-allocator-block-size=16777216"
    "memorysetup-gfx-main-allocator-block-size=16777216"
    "memorysetup-gfx-thread-allocator-block-size=16777216"
    "memorysetup-cache-allocator-block-size=4194304"
    "memorysetup-typetree-allocator-block-size=2097152"
    "memorysetup-profiler-bucket-allocator-granularity=16"
    "memorysetup-profiler-bucket-allocator-bucket-count=8"
    "memorysetup-profiler-bucket-allocator-block-size=33554432"
    "memorysetup-profiler-bucket-allocator-block-count=8"
    "memorysetup-profiler-allocator-block-size=16777216"
    "memorysetup-profiler-editor-allocator-block-size=1048576"
    "memorysetup-temp-allocator-size-main=16777216"
    "memorysetup-job-temp-allocator-block-size=2097152"
    "memorysetup-job-temp-allocator-block-size-background=1048576"
    "memorysetup-job-temp-allocator-reduction-small-platforms=262144"
    "memorysetup-allocator-temp-initial-block-size-main=262144"
    "memorysetup-allocator-temp-initial-block-size-worker=262144"
    "memorysetup-temp-allocator-size-background-worker=32768"
    "memorysetup-temp-allocator-size-job-worker=262144"
    "memorysetup-temp-allocator-size-preload-manager=33554432"
    "memorysetup-temp-allocator-size-nav-mesh-worker=65536"
    "memorysetup-temp-allocator-size-audio-worker=65536"
    "memorysetup-temp-allocator-size-cloud-worker=32768"
    "memorysetup-temp-allocator-size-gi-baking-worker=262144"
    "memorysetup-temp-allocator-size-gi-baking-worker=262144"
    "memorysetup-temp-allocator-size-gi-baking-worker=262144"
    "memorysetup-temp-allocator-size-gi-baking-worker=262144"
    "memorysetup-temp-allocator-size-gi-baking-worker=262144"
    "memorysetup-temp-allocator-size-gfx=262144"
Player connection [25000]  Target information:

Player connection [25000]  * "[IP] 121.141.77.225 [Port] 0 [Flags] 2 [Guid] 2463985113 [EditorId] 2463985113 [Version] 1048832 [Id] WindowsEditor(7,y2k) [Debug] 1 [PackageName] WindowsEditor [ProjectName] Editor" 

Player connection [25000] Host joined multi-casting on [225.0.0.222:54997]...
Player connection [25000] Host joined alternative multi-casting on [225.0.0.222:34997]...
JobSystem: Creating JobQueue using job-worker-count value 9
Input System module state changed to: Initialized.
[Physics::Module] Initialized fallback backend.
[Physics::Module] Id: 0xdecafbad
Library Redirect Path: Library/
[Physics::Module] Selected backend.
[Physics::Module] Name: PhysX
[Physics::Module] Id: 0xf2b8ea05
[Physics::Module] SDK Version: 4.1.2
[Physics::Module] Integration Version: 1.0.0
[Physics::Module] Threading Mode: Multi-Threaded
Refreshing native plugins compatible for Editor in 1.19 ms, found 4 plugins.
Preloading 0 native plugins for Editor in 0.00 ms.
Initialize engine version: 6000.0.40f1 (157d81624ddf)
[Subsystems] Discovering subsystems at path C:/Program Files/Unity/Hub/Editor/6000.0.40f1/Editor/Data/Resources/UnitySubsystems
[Subsystems] Discovering subsystems at path C:/state2dPlaformer/GaemaMusa/Assets
GfxDevice: creating device client; kGfxThreadingModeNonThreaded
Direct3D:
    Version:  Direct3D 11.0 [level 11.1]
    Renderer: NVIDIA GeForce RTX 4070 Ti (ID=0x2782)
    Vendor:   NVIDIA
    VRAM:     11996 MB
    Driver:   32.0.15.6094
Initialize mono
Mono path[0] = 'C:/Program Files/Unity/Hub/Editor/6000.0.40f1/Editor/Data/Managed'
Mono path[1] = 'C:/Program Files/Unity/Hub/Editor/6000.0.40f1/Editor/Data/MonoBleedingEdge/lib/mono/unityjit-win32'
Mono config path = 'C:/Program Files/Unity/Hub/Editor/6000.0.40f1/Editor/Data/MonoBleedingEdge/etc'
Using monoOptions --debugger-agent=transport=dt_socket,embedding=1,server=y,suspend=n,address=127.0.0.1:56088
Begin MonoManager ReloadAssembly
Registering precompiled unity dll's ...
Register platform support module: C:/Program Files/Unity/Hub/Editor/6000.0.40f1/Editor/Data/PlaybackEngines/WebGLSupport/UnityEditor.WebGL.Extensions.dll
Register platform support module: C:/Program Files/Unity/Hub/Editor/6000.0.40f1/Editor/Data/PlaybackEngines/WindowsStandaloneSupport/UnityEditor.WindowsStandalone.Extensions.dll
Register platform support module: C:/Program Files/Unity/Hub/Editor/6000.0.40f1/Editor/Data/PlaybackEngines/MetroSupport/UnityEditor.UWP.Extensions.dll
Register platform support module: C:/Program Files/Unity/Hub/Editor/6000.0.40f1/Editor/Data/PlaybackEngines/AndroidPlayer/UnityEditor.Android.Extensions.dll
Registered in 0.003110 seconds.
- Loaded All Assemblies, in  0.266 seconds
Native extension for Android target not found
Android Extension - Scanning For ADB Devices 163 ms
Native extension for UWP target not found
Native extension for WindowsStandalone target not found
Native extension for WebGL target not found
Mono: successfully reloaded assembly
- Finished resetting the current domain, in  0.405 seconds
Domain Reload Profiling: 670ms
	BeginReloadAssembly (88ms)
		ExecutionOrderSort (0ms)
		DisableScriptedObjects (0ms)
		BackupInstance (0ms)
		ReleaseScriptingObjects (0ms)
		CreateAndSetChildDomain (0ms)
	RebuildCommonClasses (24ms)
	RebuildNativeTypeToScriptingClass (8ms)
	initialDomainReloadingComplete (34ms)
	LoadAllAssembliesAndSetupDomain (111ms)
		LoadAssemblies (88ms)
		RebuildTransferFunctionScriptingTraits (0ms)
		AnalyzeDomain (108ms)
			TypeCache.Refresh (107ms)
				TypeCache.ScanAssembly (98ms)
			BuildScriptInfoCaches (0ms)
			ResolveRequiredComponents (0ms)
	FinalizeReload (405ms)
		ReleaseScriptCaches (0ms)
		RebuildScriptCaches (0ms)
		SetupLoadedEditorAssemblies (371ms)
			LogAssemblyErrors (0ms)
			InitializePlatformSupportModulesInManaged (224ms)
			SetLoadedEditorAssemblies (2ms)
			BeforeProcessingInitializeOnLoad (32ms)
			ProcessInitializeOnLoadAttributes (75ms)
			ProcessInitializeOnLoadMethodAttributes (38ms)
			AfterProcessingInitializeOnLoad (0ms)
			EditorAssembliesLoaded (0ms)
		ExecutionOrderSort2 (0ms)
		AwakeInstancesAfterBackupRestoration (0ms)
Assembly reference Packages/com.unity.cinemachine/Editor/Samples/ExposeHDRPInternals/HDRP-Editor-ref.asmref has no target assembly definition
========================================================================
Worker process is ready to serve import requests
Import Worker Mode flag is 0x00
Assembly reference Packages/com.unity.cinemachine/Editor/Samples/ExposeHDRPInternals/HDRP-Editor-ref.asmref has no target assembly definition
Assembly reference Packages/com.unity.cinemachine/Editor/Samples/ExposeHDRPInternals/HDRP-Editor-ref.asmref has no target assembly definition
Begin MonoManager ReloadAssembly
- Loaded All Assemblies, in  0.547 seconds
Assembly reference Packages/com.unity.cinemachine/Editor/Samples/ExposeHDRPInternals/HDRP-Editor-ref.asmref has no target assembly definition
'Packages/com.unity.cinemachine/Editor/Obsolete/CinemachineVirtualCameraBaseEditor.cs' contains partial class of Unity.Object, exactly 1 of the partial classes needs to be in a file with the same filename. This is to know the one that can be referenced from ie. GameObjects
'Packages/com.unity.cinemachine/Editor/Editors/CinemachineVirtualCameraBaseEditor.cs' contains partial class of Unity.Object, exactly 1 of the partial classes needs to be in a file with the same filename. This is to know the one that can be referenced from ie. GameObjects
Refreshing native plugins compatible for Editor in 0.76 ms, found 4 plugins.
Native extension for Android target not found
Native extension for UWP target not found
Native extension for WindowsStandalone target not found
Native extension for WebGL target not found
Assembly reference Packages/com.unity.cinemachine/Editor/Samples/ExposeHDRPInternals/HDRP-Editor-ref.asmref has no target assembly definition
Package Manager log level set to [2]
[Package Manager] Failed to launch server process. Reason: Unity was launched with the -noUpm command-line argument
[Package Manager] Unable to send message (not connected to server process).
[Package Manager] Cannot connect to Unity Package Manager local server
Mono: successfully reloaded assembly
- Finished resetting the current domain, in  0.532 seconds
Domain Reload Profiling: 1076ms
	BeginReloadAssembly (112ms)
		ExecutionOrderSort (0ms)
		DisableScriptedObjects (4ms)
		BackupInstance (0ms)
		ReleaseScriptingObjects (0ms)
		CreateAndSetChildDomain (21ms)
	RebuildCommonClasses (25ms)
	RebuildNativeTypeToScriptingClass (8ms)
	initialDomainReloadingComplete (26ms)
	LoadAllAssembliesAndSetupDomain (373ms)
		LoadAssemblies (247ms)
		RebuildTransferFunctionScriptingTraits (0ms)
		AnalyzeDomain (193ms)
			TypeCache.Refresh (140ms)
				TypeCache.ScanAssembly (127ms)
			BuildScriptInfoCaches (41ms)
			ResolveRequiredComponents (8ms)
	FinalizeReload (532ms)
		ReleaseScriptCaches (0ms)
		RebuildScriptCaches (0ms)
		SetupLoadedEditorAssemblies (430ms)
			LogAssemblyErrors (0ms)
			InitializePlatformSupportModulesInManaged (9ms)
			SetLoadedEditorAssemblies (3ms)
			BeforeProcessingInitializeOnLoad (76ms)
			ProcessInitializeOnLoadAttributes (263ms)
			ProcessInitializeOnLoadMethodAttributes (76ms)
			AfterProcessingInitializeOnLoad (2ms)
			EditorAssembliesLoaded (0ms)
		ExecutionOrderSort2 (0ms)
		AwakeInstancesAfterBackupRestoration (3ms)
Launched and connected shader compiler UnityShaderCompiler.exe after 0.01 seconds
Refreshing native plugins compatible for Editor in 0.79 ms, found 4 plugins.
Preloading 0 native plugins for Editor in 0.00 ms.
Unloading 226 Unused Serialized files (Serialized files now loaded: 0)
Unloading 7090 unused Assets / (7.0 MB). Loaded Objects now: 7766.
Memory consumption went from 186.9 MB to 179.9 MB.
Total: 6.234800 ms (FindLiveObjects: 0.476700 ms CreateObjectMapping: 0.283300 ms MarkObjects: 3.278500 ms  DeleteObjects: 2.195600 ms)

========================================================================
Received Import Request.
  Time since last request: 53850.930019 seconds.
  path: Assets/Graphics/UI/Atlas/Image_Atlas.spriteatlas
  artifactKey: Guid(297402bc2b59e814a9e448f4a64f4ad4) Importer(815301076,1909f56bfc062723c751e8b465ee728b)
Start importing Assets/Graphics/UI/Atlas/Image_Atlas.spriteatlas using Guid(297402bc2b59e814a9e448f4a64f4ad4) Importer(815301076,1909f56bfc062723c751e8b465ee728b) (PreviewImporter) -> (artifact id: '370c6481e68e1464e19033541ec75cb3') in 0.0158862 seconds
Number of updated asset objects reloaded before import = 0Number of asset objects unloaded after import = 1

========================================================================
Received Import Request.
  Time since last request: 445.959355 seconds.
  path: Assets/Graphics/ForAtlas/bg_jungle1.png
  artifactKey: Guid(93c5e4e40dc65fb4eb81aca3c9fd6bbf) Importer(815301076,1909f56bfc062723c751e8b465ee728b)
Start importing Assets/Graphics/ForAtlas/bg_jungle1.png using Guid(93c5e4e40dc65fb4eb81aca3c9fd6bbf) Importer(815301076,1909f56bfc062723c751e8b465ee728b) (PreviewImporter) -> (artifact id: '213bd0fe83e71312d25a89ddccdedd8d') in 0.071636 seconds
Number of updated asset objects reloaded before import = 0Number of asset objects unloaded after import = 3

========================================================================
Received Import Request.
  Time since last request: 0.000021 seconds.
  path: Assets/Graphics/ForAtlas/hero0.png
  artifactKey: Guid(bc2ea2e1a6f431a4bb3b3492d0f6fbe6) Importer(815301076,1909f56bfc062723c751e8b465ee728b)
Start importing Assets/Graphics/ForAtlas/hero0.png using Guid(bc2ea2e1a6f431a4bb3b3492d0f6fbe6) Importer(815301076,1909f56bfc062723c751e8b465ee728b) (PreviewImporter) -> (artifact id: 'fd29716c180f3fdefa729dbd553c79d2') in 0.0198492 seconds
Number of updated asset objects reloaded before import = 0Number of asset objects unloaded after import = 3

========================================================================
Received Import Request.
  Time since last request: 0.000013 seconds.
  path: Assets/Graphics/ForAtlas/Icon_stat_damage_reduction.png
  artifactKey: Guid(463bb0ebbcede1042a475ca574991d32) Importer(815301076,1909f56bfc062723c751e8b465ee728b)
Start importing Assets/Graphics/ForAtlas/Icon_stat_damage_reduction.png using Guid(463bb0ebbcede1042a475ca574991d32) Importer(815301076,1909f56bfc062723c751e8b465ee728b) (PreviewImporter) -> (artifact id: '90553d3d50e28b0a721934afba29f8ac') in 0.0171178 seconds
Number of updated asset objects reloaded before import = 0Number of asset objects unloaded after import = 3

========================================================================
Received Import Request.
  Time since last request: 0.000017 seconds.
  path: Assets/Graphics/ForAtlas/Icon_stat_dex.png
  artifactKey: Guid(4bc5bdfb1dfbff645b8a6ee606cbda36) Importer(815301076,1909f56bfc062723c751e8b465ee728b)
Start importing Assets/Graphics/ForAtlas/Icon_stat_dex.png using Guid(4bc5bdfb1dfbff645b8a6ee606cbda36) Importer(815301076,1909f56bfc062723c751e8b465ee728b) (PreviewImporter) -> (artifact id: 'ef281c8f3653357170b4f7b2471ff823') in 0.0154288 seconds
Number of updated asset objects reloaded before import = 0Number of asset objects unloaded after import = 3

========================================================================
Received Import Request.
  Time since last request: 0.000023 seconds.
  path: Assets/Graphics/ForAtlas/bg_jungle_tile.png
  artifactKey: Guid(24e8edca171ff0b418eb860e3f17f458) Importer(815301076,1909f56bfc062723c751e8b465ee728b)
Start importing Assets/Graphics/ForAtlas/bg_jungle_tile.png using Guid(24e8edca171ff0b418eb860e3f17f458) Importer(815301076,1909f56bfc062723c751e8b465ee728b) (PreviewImporter) -> (artifact id: '9dc93a657d775b57536b0fc1b06dc309') in 0.0152362 seconds
Number of updated asset objects reloaded before import = 0Number of asset objects unloaded after import = 3

========================================================================
Received Import Request.
  Time since last request: 0.000013 seconds.
  path: Assets/Graphics/ForAtlas/Icon_stat_attack.png
  artifactKey: Guid(d3c6622c4cab2094294da0f97f26effb) Importer(815301076,1909f56bfc062723c751e8b465ee728b)
Start importing Assets/Graphics/ForAtlas/Icon_stat_attack.png using Guid(d3c6622c4cab2094294da0f97f26effb) Importer(815301076,1909f56bfc062723c751e8b465ee728b) (PreviewImporter) -> (artifact id: '6a163d96608c875c5ee492fef584e4b7') in 0.0161439 seconds
Number of updated asset objects reloaded before import = 0Number of asset objects unloaded after import = 3

========================================================================
Received Import Request.
  Time since last request: 0.000013 seconds.
  path: Assets/Graphics/ForAtlas/Icon_stat_attack_speed.png
  artifactKey: Guid(6047546cb00860a479baa5b53277bc92) Importer(815301076,1909f56bfc062723c751e8b465ee728b)
Start importing Assets/Graphics/ForAtlas/Icon_stat_attack_speed.png using Guid(6047546cb00860a479baa5b53277bc92) Importer(815301076,1909f56bfc062723c751e8b465ee728b) (PreviewImporter) -> (artifact id: 'b664c8eace87345349acf781518b7d11') in 0.0149386 seconds
Number of updated asset objects reloaded before import = 0Number of asset objects unloaded after import = 3

========================================================================
Received Import Request.
  Time since last request: 0.000017 seconds.
  path: Assets/Graphics/ForAtlas/hero3.png
  artifactKey: Guid(cb9d501ef6e1cd74fa10b16ca043cee4) Importer(815301076,1909f56bfc062723c751e8b465ee728b)
Start importing Assets/Graphics/ForAtlas/hero3.png using Guid(cb9d501ef6e1cd74fa10b16ca043cee4) Importer(815301076,1909f56bfc062723c751e8b465ee728b) (PreviewImporter) -> (artifact id: '7ac2e44b632dba634597b3ac2bd10e5d') in 0.0063326 seconds
Number of updated asset objects reloaded before import = 0Number of asset objects unloaded after import = 3

========================================================================
Received Import Request.
  Time since last request: 0.000017 seconds.
  path: Assets/Graphics/ForAtlas/Icon_stat_critical_rate.png
  artifactKey: Guid(4aa49b6742cea9e41a9701e4b514694b) Importer(815301076,1909f56bfc062723c751e8b465ee728b)
Start importing Assets/Graphics/ForAtlas/Icon_stat_critical_rate.png using Guid(4aa49b6742cea9e41a9701e4b514694b) Importer(815301076,1909f56bfc062723c751e8b465ee728b) (PreviewImporter) -> (artifact id: '7b0ecba93f924eb785517c16059df354') in 0.0165738 seconds
Number of updated asset objects reloaded before import = 0Number of asset objects unloaded after import = 3

========================================================================
Received Import Request.
  Time since last request: 0.000014 seconds.
  path: Assets/Graphics/ForAtlas/CornersGold2.png
  artifactKey: Guid(9ad8c493e08ab3440a86a65ed1230e6c) Importer(815301076,1909f56bfc062723c751e8b465ee728b)
Start importing Assets/Graphics/ForAtlas/CornersGold2.png using Guid(9ad8c493e08ab3440a86a65ed1230e6c) Importer(815301076,1909f56bfc062723c751e8b465ee728b) (PreviewImporter) -> (artifact id: '78f3376d13b2023391fc3a7a8138f850') in 0.0137737 seconds
Number of updated asset objects reloaded before import = 0Number of asset objects unloaded after import = 3

========================================================================
Received Import Request.
  Time since last request: 0.000055 seconds.
  path: Assets/Graphics/ForAtlas/Icon_stat_double_attack_rate.png
  artifactKey: Guid(ff6ebef1d8d2b7745b3556fd1ddf966e) Importer(815301076,1909f56bfc062723c751e8b465ee728b)
Start importing Assets/Graphics/ForAtlas/Icon_stat_double_attack_rate.png using Guid(ff6ebef1d8d2b7745b3556fd1ddf966e) Importer(815301076,1909f56bfc062723c751e8b465ee728b) (PreviewImporter) -> (artifact id: '2e65f849fac8ec44ea255fb3966ef64a') in 0.0165606 seconds
Number of updated asset objects reloaded before import = 0Number of asset objects unloaded after import = 3

========================================================================
Received Import Request.
  Time since last request: 0.000049 seconds.
  path: Assets/Graphics/ForAtlas/bg_jungle4.png
  artifactKey: Guid(37797a0e39d328147919f9abccb00b5d) Importer(815301076,1909f56bfc062723c751e8b465ee728b)
Start importing Assets/Graphics/ForAtlas/bg_jungle4.png using Guid(37797a0e39d328147919f9abccb00b5d) Importer(815301076,1909f56bfc062723c751e8b465ee728b) (PreviewImporter) -> (artifact id: '13ece41c5a77bb1a2f7f2cf85a48f874') in 0.0085312 seconds
Number of updated asset objects reloaded before import = 0Number of asset objects unloaded after import = 3

========================================================================
Received Import Request.
  Time since last request: 0.000026 seconds.
  path: Assets/Graphics/ForAtlas/Frame_Border_White_60px.png
  artifactKey: Guid(4b107a880431ee143bfbedb6fe5a195c) Importer(815301076,1909f56bfc062723c751e8b465ee728b)
Start importing Assets/Graphics/ForAtlas/Frame_Border_White_60px.png using Guid(4b107a880431ee143bfbedb6fe5a195c) Importer(815301076,1909f56bfc062723c751e8b465ee728b) (PreviewImporter) -> (artifact id: '2578c578da20a249dcaf27c9bd189bcd') in 0.0081286 seconds
Number of updated asset objects reloaded before import = 0Number of asset objects unloaded after import = 3

========================================================================
Received Import Request.
  Time since last request: 0.000014 seconds.
  path: Assets/Graphics/ForAtlas/Icon_stat_debuff_resistance.png
  artifactKey: Guid(214f9363c052bc64090f64ed80c64c18) Importer(815301076,1909f56bfc062723c751e8b465ee728b)
Start importing Assets/Graphics/ForAtlas/Icon_stat_debuff_resistance.png using Guid(214f9363c052bc64090f64ed80c64c18) Importer(815301076,1909f56bfc062723c751e8b465ee728b) (PreviewImporter) -> (artifact id: '67e09b37172554cfee2804bc5dce54d6') in 0.0180818 seconds
Number of updated asset objects reloaded before import = 0Number of asset objects unloaded after import = 3

========================================================================
Received Import Request.
  Time since last request: 0.000021 seconds.
  path: Assets/Graphics/ForAtlas/Icon_stat_accuracy.png
  artifactKey: Guid(350dd9581293fe34a8cb470431d39ac0) Importer(815301076,1909f56bfc062723c751e8b465ee728b)
Start importing Assets/Graphics/ForAtlas/Icon_stat_accuracy.png using Guid(350dd9581293fe34a8cb470431d39ac0) Importer(815301076,1909f56bfc062723c751e8b465ee728b) (PreviewImporter) -> (artifact id: '8c0d1613c23eb1c8c81e50c3a9c57ddb') in 0.0154067 seconds
Number of updated asset objects reloaded before import = 0Number of asset objects unloaded after import = 3

========================================================================
Received Import Request.
  Time since last request: 0.000014 seconds.
  path: Assets/Graphics/ForAtlas/Division_line.png
  artifactKey: Guid(46b067cf82a82f043acae3ba9e3f30f7) Importer(815301076,1909f56bfc062723c751e8b465ee728b)
Start importing Assets/Graphics/ForAtlas/Division_line.png using Guid(46b067cf82a82f043acae3ba9e3f30f7) Importer(815301076,1909f56bfc062723c751e8b465ee728b) (PreviewImporter) -> (artifact id: 'd62f5d51ccf7ce6ddffef4287e37157a') in 0.0068291 seconds
Number of updated asset objects reloaded before import = 0Number of asset objects unloaded after import = 3

========================================================================
Received Import Request.
  Time since last request: 2.263740 seconds.
  path: Assets/Graphics/ForAtlas/Icon_stat_final_damage.png
  artifactKey: Guid(e201fb98fe13cf04eb077f2e93b68655) Importer(815301076,1909f56bfc062723c751e8b465ee728b)
Start importing Assets/Graphics/ForAtlas/Icon_stat_final_damage.png using Guid(e201fb98fe13cf04eb077f2e93b68655) Importer(815301076,1909f56bfc062723c751e8b465ee728b) (PreviewImporter) -> (artifact id: '3279136ad964c330e97ceb1f6f421b6e') in 0.0154878 seconds
Number of updated asset objects reloaded before import = 0Number of asset objects unloaded after import = 3

========================================================================
Received Import Request.
  Time since last request: 0.438117 seconds.
  path: Assets/Graphics/ForAtlas/Icon_stat_life_drain.png
  artifactKey: Guid(ec9a4c87c306df7469f6a6086ad54b84) Importer(815301076,1909f56bfc062723c751e8b465ee728b)
Start importing Assets/Graphics/ForAtlas/Icon_stat_life_drain.png using Guid(ec9a4c87c306df7469f6a6086ad54b84) Importer(815301076,1909f56bfc062723c751e8b465ee728b) (PreviewImporter) -> (artifact id: 'd822b6bedbeb149d74cc1b800e0100cd') in 0.0187448 seconds
Number of updated asset objects reloaded before import = 0Number of asset objects unloaded after import = 3

========================================================================
Received Import Request.
  Time since last request: 0.002508 seconds.
  path: Assets/Graphics/ForAtlas/Icon_stat_move_speed.png
  artifactKey: Guid(3e831e62e9220d847ad4601b83905a09) Importer(815301076,1909f56bfc062723c751e8b465ee728b)
Start importing Assets/Graphics/ForAtlas/Icon_stat_move_speed.png using Guid(3e831e62e9220d847ad4601b83905a09) Importer(815301076,1909f56bfc062723c751e8b465ee728b) (PreviewImporter) -> (artifact id: '709d289c5373d0086dccd44d8c1fb7e3') in 0.0180636 seconds
Number of updated asset objects reloaded before import = 0Number of asset objects unloaded after import = 3

========================================================================
Received Import Request.
  Time since last request: 0.000018 seconds.
  path: Assets/Graphics/ForAtlas/Icon_stat_potion_recovery_rate.png
  artifactKey: Guid(3ca6c38e17212fc4b8189d8b2ede4768) Importer(815301076,1909f56bfc062723c751e8b465ee728b)
Start importing Assets/Graphics/ForAtlas/Icon_stat_potion_recovery_rate.png using Guid(3ca6c38e17212fc4b8189d8b2ede4768) Importer(815301076,1909f56bfc062723c751e8b465ee728b) (PreviewImporter) -> (artifact id: '9ea18e95599c2b40378bb220ff8e2df1') in 0.0160076 seconds
Number of updated asset objects reloaded before import = 0Number of asset objects unloaded after import = 3

========================================================================
Received Import Request.
  Time since last request: 0.000014 seconds.
  path: Assets/Graphics/ForAtlas/Icon_stat_water_attack.png
  artifactKey: Guid(9a4376b62704c33468b747a7eb369a2c) Importer(815301076,1909f56bfc062723c751e8b465ee728b)
Start importing Assets/Graphics/ForAtlas/Icon_stat_water_attack.png using Guid(9a4376b62704c33468b747a7eb369a2c) Importer(815301076,1909f56bfc062723c751e8b465ee728b) (PreviewImporter) -> (artifact id: 'da768a2b0f37c99e2c0705c32c9e398e') in 0.0159257 seconds
Number of updated asset objects reloaded before import = 0Number of asset objects unloaded after import = 3

========================================================================
Received Import Request.
  Time since last request: 0.000019 seconds.
  path: Assets/Graphics/ForAtlas/icon_tab_skill.png
  artifactKey: Guid(e9f160fde52ef104491b35ef472d4664) Importer(815301076,1909f56bfc062723c751e8b465ee728b)
Start importing Assets/Graphics/ForAtlas/icon_tab_skill.png using Guid(e9f160fde52ef104491b35ef472d4664) Importer(815301076,1909f56bfc062723c751e8b465ee728b) (PreviewImporter) -> (artifact id: 'cbfa278732a63af4029f7710a5f5a85a') in 0.0104362 seconds
Number of updated asset objects reloaded before import = 0Number of asset objects unloaded after import = 3

========================================================================
Received Import Request.
  Time since last request: 0.000010 seconds.
  path: Assets/Graphics/ForAtlas/Icon_wealth_clearance_order.png
  artifactKey: Guid(2a7b9bf07dc357f419614ea3118fc2af) Importer(815301076,1909f56bfc062723c751e8b465ee728b)
Start importing Assets/Graphics/ForAtlas/Icon_wealth_clearance_order.png using Guid(2a7b9bf07dc357f419614ea3118fc2af) Importer(815301076,1909f56bfc062723c751e8b465ee728b) (PreviewImporter) -> (artifact id: '6c070f8b28f4d9346755e1030bd97581') in 0.009106 seconds
Number of updated asset objects reloaded before import = 0Number of asset objects unloaded after import = 3

========================================================================
Received Import Request.
  Time since last request: 0.000012 seconds.
  path: Assets/Graphics/ForAtlas/Icon_wealth_divine_dust.png
  artifactKey: Guid(3ed94579886ab5e4f9776b4519875c4a) Importer(815301076,1909f56bfc062723c751e8b465ee728b)
Start importing Assets/Graphics/ForAtlas/Icon_wealth_divine_dust.png using Guid(3ed94579886ab5e4f9776b4519875c4a) Importer(815301076,1909f56bfc062723c751e8b465ee728b) (PreviewImporter) -> (artifact id: '7bee044a68bc091a7575cb85ef1bd209') in 0.0057676 seconds
Number of updated asset objects reloaded before import = 0Number of asset objects unloaded after import = 3

Editor requested this worker to shutdown with reason: Scaling down because of idle timeout
AssetImportWorker is now disconnected from the server
Process exiting
Exiting without the bug reporter. Application will terminate with return code 0