Using pre-set license
Built from '6000.0/staging' branch; Version is '6000.0.40f1 (157d81624ddf) revision 1408385'; Using compiler version '193933523'; Build Type 'Release'
OS: 'Windows 11  (10.0.26100) 64bit Core' Language: 'ko' Physical Memory: 65356 MB
BatchMode: 1, IsHumanControllingUs: 0, StartBugReporterOnCrash: 0, Is64bit: 1, IsPro: 1

COMMAND LINE ARGUMENTS:
C:\Program Files\Unity\Hub\Editor\6000.0.40f1\Editor\Unity.exe
-adb2
-batchMode
-noUpm
-name
AssetImportWorker0
-projectPath
C:/state2dPlaformer/GaemaMusa
-logFile
Logs/AssetImportWorker0.log
-srvPort
58061
-job-worker-count
9
-background-job-worker-count
8
-gc-helper-count
1
Successfully changed project path to: C:/state2dPlaformer/GaemaMusa
C:/state2dPlaformer/GaemaMusa
[UnityMemory] Configuration Parameters - Can be set up in boot.config
    "memorysetup-bucket-allocator-granularity=16"
    "memorysetup-bucket-allocator-bucket-count=8"
    "memorysetup-bucket-allocator-block-size=33554432"
    "memorysetup-bucket-allocator-block-count=8"
    "memorysetup-main-allocator-block-size=16777216"
    "memorysetup-thread-allocator-block-size=16777216"
    "memorysetup-gfx-main-allocator-block-size=16777216"
    "memorysetup-gfx-thread-allocator-block-size=16777216"
    "memorysetup-cache-allocator-block-size=4194304"
    "memorysetup-typetree-allocator-block-size=2097152"
    "memorysetup-profiler-bucket-allocator-granularity=16"
    "memorysetup-profiler-bucket-allocator-bucket-count=8"
    "memorysetup-profiler-bucket-allocator-block-size=33554432"
    "memorysetup-profiler-bucket-allocator-block-count=8"
    "memorysetup-profiler-allocator-block-size=16777216"
    "memorysetup-profiler-editor-allocator-block-size=1048576"
    "memorysetup-temp-allocator-size-main=16777216"
    "memorysetup-job-temp-allocator-block-size=2097152"
    "memorysetup-job-temp-allocator-block-size-background=1048576"
    "memorysetup-job-temp-allocator-reduction-small-platforms=262144"
    "memorysetup-allocator-temp-initial-block-size-main=262144"
    "memorysetup-allocator-temp-initial-block-size-worker=262144"
    "memorysetup-temp-allocator-size-background-worker=32768"
    "memorysetup-temp-allocator-size-job-worker=262144"
    "memorysetup-temp-allocator-size-preload-manager=33554432"
    "memorysetup-temp-allocator-size-nav-mesh-worker=65536"
    "memorysetup-temp-allocator-size-audio-worker=65536"
    "memorysetup-temp-allocator-size-cloud-worker=32768"
    "memorysetup-temp-allocator-size-gi-baking-worker=262144"
    "memorysetup-temp-allocator-size-gi-baking-worker=262144"
    "memorysetup-temp-allocator-size-gi-baking-worker=262144"
    "memorysetup-temp-allocator-size-gi-baking-worker=262144"
    "memorysetup-temp-allocator-size-gi-baking-worker=262144"
    "memorysetup-temp-allocator-size-gfx=262144"
Player connection [27404]  Target information:

Player connection [27404]  * "[IP] 121.141.77.225 [Port] 0 [Flags] 2 [Guid] 3104265149 [EditorId] 3104265149 [Version] 1048832 [Id] WindowsEditor(7,y2k) [Debug] 1 [PackageName] WindowsEditor [ProjectName] Editor" 

Player connection [27404] Host joined multi-casting on [225.0.0.222:54997]...
Player connection [27404] Host joined alternative multi-casting on [225.0.0.222:34997]...
JobSystem: Creating JobQueue using job-worker-count value 9
Input System module state changed to: Initialized.
[Physics::Module] Initialized fallback backend.
[Physics::Module] Id: 0xdecafbad
Library Redirect Path: Library/
[Physics::Module] Selected backend.
[Physics::Module] Name: PhysX
[Physics::Module] Id: 0xf2b8ea05
[Physics::Module] SDK Version: 4.1.2
[Physics::Module] Integration Version: 1.0.0
[Physics::Module] Threading Mode: Multi-Threaded
Refreshing native plugins compatible for Editor in 1.28 ms, found 4 plugins.
Preloading 0 native plugins for Editor in 0.00 ms.
Initialize engine version: 6000.0.40f1 (157d81624ddf)
[Subsystems] Discovering subsystems at path C:/Program Files/Unity/Hub/Editor/6000.0.40f1/Editor/Data/Resources/UnitySubsystems
[Subsystems] Discovering subsystems at path C:/state2dPlaformer/GaemaMusa/Assets
GfxDevice: creating device client; kGfxThreadingModeNonThreaded
Direct3D:
    Version:  Direct3D 11.0 [level 11.1]
    Renderer: NVIDIA GeForce RTX 4070 Ti (ID=0x2782)
    Vendor:   NVIDIA
    VRAM:     11996 MB
    Driver:   32.0.15.6094
Initialize mono
Mono path[0] = 'C:/Program Files/Unity/Hub/Editor/6000.0.40f1/Editor/Data/Managed'
Mono path[1] = 'C:/Program Files/Unity/Hub/Editor/6000.0.40f1/Editor/Data/MonoBleedingEdge/lib/mono/unityjit-win32'
Mono config path = 'C:/Program Files/Unity/Hub/Editor/6000.0.40f1/Editor/Data/MonoBleedingEdge/etc'
Using monoOptions --debugger-agent=transport=dt_socket,embedding=1,server=y,suspend=n,address=127.0.0.1:56404
Begin MonoManager ReloadAssembly
Registering precompiled unity dll's ...
Register platform support module: C:/Program Files/Unity/Hub/Editor/6000.0.40f1/Editor/Data/PlaybackEngines/WebGLSupport/UnityEditor.WebGL.Extensions.dll
Register platform support module: C:/Program Files/Unity/Hub/Editor/6000.0.40f1/Editor/Data/PlaybackEngines/WindowsStandaloneSupport/UnityEditor.WindowsStandalone.Extensions.dll
Register platform support module: C:/Program Files/Unity/Hub/Editor/6000.0.40f1/Editor/Data/PlaybackEngines/MetroSupport/UnityEditor.UWP.Extensions.dll
Register platform support module: C:/Program Files/Unity/Hub/Editor/6000.0.40f1/Editor/Data/PlaybackEngines/AndroidPlayer/UnityEditor.Android.Extensions.dll
Registered in 0.003501 seconds.
- Loaded All Assemblies, in  0.267 seconds
Native extension for Android target not found
Android Extension - Scanning For ADB Devices 163 ms
Native extension for UWP target not found
Native extension for WindowsStandalone target not found
Native extension for WebGL target not found
Mono: successfully reloaded assembly
- Finished resetting the current domain, in  0.405 seconds
Domain Reload Profiling: 672ms
	BeginReloadAssembly (89ms)
		ExecutionOrderSort (0ms)
		DisableScriptedObjects (0ms)
		BackupInstance (0ms)
		ReleaseScriptingObjects (0ms)
		CreateAndSetChildDomain (0ms)
	RebuildCommonClasses (24ms)
	RebuildNativeTypeToScriptingClass (8ms)
	initialDomainReloadingComplete (34ms)
	LoadAllAssembliesAndSetupDomain (112ms)
		LoadAssemblies (88ms)
		RebuildTransferFunctionScriptingTraits (0ms)
		AnalyzeDomain (109ms)
			TypeCache.Refresh (108ms)
				TypeCache.ScanAssembly (98ms)
			BuildScriptInfoCaches (0ms)
			ResolveRequiredComponents (0ms)
	FinalizeReload (406ms)
		ReleaseScriptCaches (0ms)
		RebuildScriptCaches (0ms)
		SetupLoadedEditorAssemblies (372ms)
			LogAssemblyErrors (0ms)
			InitializePlatformSupportModulesInManaged (224ms)
			SetLoadedEditorAssemblies (3ms)
			BeforeProcessingInitializeOnLoad (32ms)
			ProcessInitializeOnLoadAttributes (75ms)
			ProcessInitializeOnLoadMethodAttributes (38ms)
			AfterProcessingInitializeOnLoad (0ms)
			EditorAssembliesLoaded (0ms)
		ExecutionOrderSort2 (0ms)
		AwakeInstancesAfterBackupRestoration (0ms)
Assembly reference Packages/com.unity.cinemachine/Editor/Samples/ExposeHDRPInternals/HDRP-Editor-ref.asmref has no target assembly definition
========================================================================
Worker process is ready to serve import requests
Import Worker Mode flag is 0x00
Assembly reference Packages/com.unity.cinemachine/Editor/Samples/ExposeHDRPInternals/HDRP-Editor-ref.asmref has no target assembly definition
Assembly reference Packages/com.unity.cinemachine/Editor/Samples/ExposeHDRPInternals/HDRP-Editor-ref.asmref has no target assembly definition
Begin MonoManager ReloadAssembly
- Loaded All Assemblies, in  0.547 seconds
Assembly reference Packages/com.unity.cinemachine/Editor/Samples/ExposeHDRPInternals/HDRP-Editor-ref.asmref has no target assembly definition
'Packages/com.unity.cinemachine/Editor/Obsolete/CinemachineVirtualCameraBaseEditor.cs' contains partial class of Unity.Object, exactly 1 of the partial classes needs to be in a file with the same filename. This is to know the one that can be referenced from ie. GameObjects
'Packages/com.unity.cinemachine/Editor/Editors/CinemachineVirtualCameraBaseEditor.cs' contains partial class of Unity.Object, exactly 1 of the partial classes needs to be in a file with the same filename. This is to know the one that can be referenced from ie. GameObjects
Refreshing native plugins compatible for Editor in 0.81 ms, found 4 plugins.
Native extension for Android target not found
Native extension for UWP target not found
Native extension for WindowsStandalone target not found
Native extension for WebGL target not found
Assembly reference Packages/com.unity.cinemachine/Editor/Samples/ExposeHDRPInternals/HDRP-Editor-ref.asmref has no target assembly definition
Package Manager log level set to [2]
[Package Manager] Failed to launch server process. Reason: Unity was launched with the -noUpm command-line argument
[Package Manager] Unable to send message (not connected to server process).
[Package Manager] Cannot connect to Unity Package Manager local server
Mono: successfully reloaded assembly
- Finished resetting the current domain, in  0.528 seconds
Domain Reload Profiling: 1071ms
	BeginReloadAssembly (112ms)
		ExecutionOrderSort (0ms)
		DisableScriptedObjects (4ms)
		BackupInstance (0ms)
		ReleaseScriptingObjects (0ms)
		CreateAndSetChildDomain (20ms)
	RebuildCommonClasses (25ms)
	RebuildNativeTypeToScriptingClass (8ms)
	initialDomainReloadingComplete (26ms)
	LoadAllAssembliesAndSetupDomain (373ms)
		LoadAssemblies (246ms)
		RebuildTransferFunctionScriptingTraits (0ms)
		AnalyzeDomain (193ms)
			TypeCache.Refresh (142ms)
				TypeCache.ScanAssembly (129ms)
			BuildScriptInfoCaches (40ms)
			ResolveRequiredComponents (8ms)
	FinalizeReload (528ms)
		ReleaseScriptCaches (0ms)
		RebuildScriptCaches (0ms)
		SetupLoadedEditorAssemblies (426ms)
			LogAssemblyErrors (0ms)
			InitializePlatformSupportModulesInManaged (9ms)
			SetLoadedEditorAssemblies (3ms)
			BeforeProcessingInitializeOnLoad (76ms)
			ProcessInitializeOnLoadAttributes (261ms)
			ProcessInitializeOnLoadMethodAttributes (75ms)
			AfterProcessingInitializeOnLoad (2ms)
			EditorAssembliesLoaded (0ms)
		ExecutionOrderSort2 (0ms)
		AwakeInstancesAfterBackupRestoration (3ms)
Launched and connected shader compiler UnityShaderCompiler.exe after 0.01 seconds
Refreshing native plugins compatible for Editor in 0.80 ms, found 4 plugins.
Preloading 0 native plugins for Editor in 0.00 ms.
Unloading 226 Unused Serialized files (Serialized files now loaded: 0)
Unloading 7090 unused Assets / (6.6 MB). Loaded Objects now: 7766.
Memory consumption went from 186.9 MB to 180.3 MB.
Total: 6.137300 ms (FindLiveObjects: 0.435300 ms CreateObjectMapping: 0.394000 ms MarkObjects: 3.178900 ms  DeleteObjects: 2.128700 ms)

========================================================================
Received Import Request.
  Time since last request: 53850.924155 seconds.
  path: Assets/Graphics/UI/Atlas
  artifactKey: Guid(c4b80c441651270479fdfaa3dd50e7db) Importer(815301076,1909f56bfc062723c751e8b465ee728b)
Start importing Assets/Graphics/UI/Atlas using Guid(c4b80c441651270479fdfaa3dd50e7db) Importer(815301076,1909f56bfc062723c751e8b465ee728b) (PreviewImporter) -> (artifact id: '6091b2741d619b3afe6495b8a6aa9817') in 0.0037824 seconds
Number of updated asset objects reloaded before import = 0Number of asset objects unloaded after import = 0

========================================================================
Received Import Request.
  Time since last request: 441.577261 seconds.
  path: Assets/Graphics/ForAtlas
  artifactKey: Guid(5b791d8019cb9e842ba30f6adf304e58) Importer(815301076,1909f56bfc062723c751e8b465ee728b)
Start importing Assets/Graphics/ForAtlas using Guid(5b791d8019cb9e842ba30f6adf304e58) Importer(815301076,1909f56bfc062723c751e8b465ee728b) (PreviewImporter) -> (artifact id: '043984ceac62d39a755224f38d65d4f9') in 0.0006592 seconds
Number of updated asset objects reloaded before import = 0Number of asset objects unloaded after import = 0

========================================================================
Received Import Request.
  Time since last request: 4.360493 seconds.
  path: Assets/Graphics/ForAtlas/bg_jungle0.png
  artifactKey: Guid(f4bbbe8e58c51fb48ae7cc60f21236ed) Importer(815301076,1909f56bfc062723c751e8b465ee728b)
Start importing Assets/Graphics/ForAtlas/bg_jungle0.png using Guid(f4bbbe8e58c51fb48ae7cc60f21236ed) Importer(815301076,1909f56bfc062723c751e8b465ee728b) (PreviewImporter) -> (artifact id: '6ffbd0ef8a92fdd3ad43148857cf04c2') in 0.0837771 seconds
Number of updated asset objects reloaded before import = 0Number of asset objects unloaded after import = 3

========================================================================
Received Import Request.
  Time since last request: 0.000017 seconds.
  path: Assets/Graphics/ForAtlas/Icon_stat_critical_attack.png
  artifactKey: Guid(f99bced76f850724cb2eab12e19f2591) Importer(815301076,1909f56bfc062723c751e8b465ee728b)
Start importing Assets/Graphics/ForAtlas/Icon_stat_critical_attack.png using Guid(f99bced76f850724cb2eab12e19f2591) Importer(815301076,1909f56bfc062723c751e8b465ee728b) (PreviewImporter) -> (artifact id: '45525735007be718c70be7056aa751bf') in 0.0240834 seconds
Number of updated asset objects reloaded before import = 0Number of asset objects unloaded after import = 3

========================================================================
Received Import Request.
  Time since last request: 0.000017 seconds.
  path: Assets/Graphics/ForAtlas/buttonSquare_blue.png
  artifactKey: Guid(f0900b3956d3fd54bb035e52134727dd) Importer(815301076,1909f56bfc062723c751e8b465ee728b)
Start importing Assets/Graphics/ForAtlas/buttonSquare_blue.png using Guid(f0900b3956d3fd54bb035e52134727dd) Importer(815301076,1909f56bfc062723c751e8b465ee728b) (PreviewImporter) -> (artifact id: '23d06dfd7c75039567e951673a6ee304') in 0.0082342 seconds
Number of updated asset objects reloaded before import = 0Number of asset objects unloaded after import = 3

========================================================================
Received Import Request.
  Time since last request: 0.000021 seconds.
  path: Assets/Graphics/ForAtlas/buttonSquare_brown_pressed.png
  artifactKey: Guid(08c916deeccaf8345b9c32a9fd7f5028) Importer(815301076,1909f56bfc062723c751e8b465ee728b)
Start importing Assets/Graphics/ForAtlas/buttonSquare_brown_pressed.png using Guid(08c916deeccaf8345b9c32a9fd7f5028) Importer(815301076,1909f56bfc062723c751e8b465ee728b) (PreviewImporter) -> (artifact id: '33de0d107777e9db50cdd58fe214a75a') in 0.0069919 seconds
Number of updated asset objects reloaded before import = 0Number of asset objects unloaded after import = 3

========================================================================
Received Import Request.
  Time since last request: 0.000022 seconds.
  path: Assets/Graphics/ForAtlas/hero1.png
  artifactKey: Guid(fdfc111b8d885924ea195d769f87f221) Importer(815301076,1909f56bfc062723c751e8b465ee728b)
Start importing Assets/Graphics/ForAtlas/hero1.png using Guid(fdfc111b8d885924ea195d769f87f221) Importer(815301076,1909f56bfc062723c751e8b465ee728b) (PreviewImporter) -> (artifact id: 'de45e866bbcf46baf9e095d92f66150f') in 0.006643 seconds
Number of updated asset objects reloaded before import = 0Number of asset objects unloaded after import = 3

========================================================================
Received Import Request.
  Time since last request: 0.000018 seconds.
  path: Assets/Graphics/ForAtlas/header_button.png
  artifactKey: Guid(be10a980aa6d51942bb94d6e7d03a5e8) Importer(815301076,1909f56bfc062723c751e8b465ee728b)
Start importing Assets/Graphics/ForAtlas/header_button.png using Guid(be10a980aa6d51942bb94d6e7d03a5e8) Importer(815301076,1909f56bfc062723c751e8b465ee728b) (PreviewImporter) -> (artifact id: 'a9792fa613867f052eee61426c83fdd2') in 0.0070477 seconds
Number of updated asset objects reloaded before import = 0Number of asset objects unloaded after import = 3

========================================================================
Received Import Request.
  Time since last request: 0.000013 seconds.
  path: Assets/Graphics/ForAtlas/hero5.png
  artifactKey: Guid(c5a9de99d37511b4f941020655d52a27) Importer(815301076,1909f56bfc062723c751e8b465ee728b)
Start importing Assets/Graphics/ForAtlas/hero5.png using Guid(c5a9de99d37511b4f941020655d52a27) Importer(815301076,1909f56bfc062723c751e8b465ee728b) (PreviewImporter) -> (artifact id: '898b98737f6e978b5ca9066e9cb39950') in 0.0090862 seconds
Number of updated asset objects reloaded before import = 0Number of asset objects unloaded after import = 3

========================================================================
Received Import Request.
  Time since last request: 0.000013 seconds.
  path: Assets/Graphics/ForAtlas/Icon_stat_double_attack_critical_rate.png
  artifactKey: Guid(793173ee15d79fe4f964f07d7e1a5fea) Importer(815301076,1909f56bfc062723c751e8b465ee728b)
Start importing Assets/Graphics/ForAtlas/Icon_stat_double_attack_critical_rate.png using Guid(793173ee15d79fe4f964f07d7e1a5fea) Importer(815301076,1909f56bfc062723c751e8b465ee728b) (PreviewImporter) -> (artifact id: 'e7ad84e245d50d6c70bedb5b02e6d2f5') in 0.0139571 seconds
Number of updated asset objects reloaded before import = 0Number of asset objects unloaded after import = 3

========================================================================
Received Import Request.
  Time since last request: 0.000012 seconds.
  path: Assets/Graphics/ForAtlas/bg_jungle3.png
  artifactKey: Guid(46ad20b4fc16f11449077f6d0befbc97) Importer(815301076,1909f56bfc062723c751e8b465ee728b)
Start importing Assets/Graphics/ForAtlas/bg_jungle3.png using Guid(46ad20b4fc16f11449077f6d0befbc97) Importer(815301076,1909f56bfc062723c751e8b465ee728b) (PreviewImporter) -> (artifact id: 'ec178ae0ebaaa63b4852733b02dc73e0') in 0.0091333 seconds
Number of updated asset objects reloaded before import = 0Number of asset objects unloaded after import = 3

========================================================================
Received Import Request.
  Time since last request: 0.000016 seconds.
  path: Assets/Graphics/ForAtlas/Icon_stat_dex_percent.png
  artifactKey: Guid(dec5a3d7190d88649bb114ca5a6f194c) Importer(815301076,1909f56bfc062723c751e8b465ee728b)
Start importing Assets/Graphics/ForAtlas/Icon_stat_dex_percent.png using Guid(dec5a3d7190d88649bb114ca5a6f194c) Importer(815301076,1909f56bfc062723c751e8b465ee728b) (PreviewImporter) -> (artifact id: 'ec4df69e631390291bfdfd69a3dbe771') in 0.0064262 seconds
Number of updated asset objects reloaded before import = 0Number of asset objects unloaded after import = 3

========================================================================
Received Import Request.
  Time since last request: 0.000013 seconds.
  path: Assets/Graphics/ForAtlas/buttonGreen_simple.png
  artifactKey: Guid(2cc51e4035407cd409e3257605761190) Importer(815301076,1909f56bfc062723c751e8b465ee728b)
Start importing Assets/Graphics/ForAtlas/buttonGreen_simple.png using Guid(2cc51e4035407cd409e3257605761190) Importer(815301076,1909f56bfc062723c751e8b465ee728b) (PreviewImporter) -> (artifact id: '7a6cceb058fae06c6f2da6b26bb20aa4') in 0.0069389 seconds
Number of updated asset objects reloaded before import = 0Number of asset objects unloaded after import = 3

========================================================================
Received Import Request.
  Time since last request: 0.000015 seconds.
  path: Assets/Graphics/ForAtlas/Icon_stat_agi.png
  artifactKey: Guid(951a6d9a633b6d242bb70fd768392f9e) Importer(815301076,1909f56bfc062723c751e8b465ee728b)
Start importing Assets/Graphics/ForAtlas/Icon_stat_agi.png using Guid(951a6d9a633b6d242bb70fd768392f9e) Importer(815301076,1909f56bfc062723c751e8b465ee728b) (PreviewImporter) -> (artifact id: '109cb46fb919124eefdf973c60119758') in 0.0078762 seconds
Number of updated asset objects reloaded before import = 0Number of asset objects unloaded after import = 3

========================================================================
Received Import Request.
  Time since last request: 0.000017 seconds.
  path: Assets/Graphics/ForAtlas/Icon_stat_attack_percent.png
  artifactKey: Guid(114f710693d4d334b9965afd0ab5a943) Importer(815301076,1909f56bfc062723c751e8b465ee728b)
Start importing Assets/Graphics/ForAtlas/Icon_stat_attack_percent.png using Guid(114f710693d4d334b9965afd0ab5a943) Importer(815301076,1909f56bfc062723c751e8b465ee728b) (PreviewImporter) -> (artifact id: '461f58e619555c417edd2d2ad76c4027') in 0.0173744 seconds
Number of updated asset objects reloaded before import = 0Number of asset objects unloaded after import = 3

========================================================================
Received Import Request.
  Time since last request: 0.000031 seconds.
  path: Assets/Graphics/ForAtlas/hero2.png
  artifactKey: Guid(5734fb2f5e7e436468b56c460bfdbac3) Importer(815301076,1909f56bfc062723c751e8b465ee728b)
Start importing Assets/Graphics/ForAtlas/hero2.png using Guid(5734fb2f5e7e436468b56c460bfdbac3) Importer(815301076,1909f56bfc062723c751e8b465ee728b) (PreviewImporter) -> (artifact id: '8fd6e22418eecae47eb028c5feb4362d') in 0.0066569 seconds
Number of updated asset objects reloaded before import = 0Number of asset objects unloaded after import = 3

========================================================================
Received Import Request.
  Time since last request: 0.000015 seconds.
  path: Assets/Graphics/ForAtlas/hero4.png
  artifactKey: Guid(c418a6ec2d1b6284e9d75fb6d9ddb9bc) Importer(815301076,1909f56bfc062723c751e8b465ee728b)
Start importing Assets/Graphics/ForAtlas/hero4.png using Guid(c418a6ec2d1b6284e9d75fb6d9ddb9bc) Importer(815301076,1909f56bfc062723c751e8b465ee728b) (PreviewImporter) -> (artifact id: 'e146e9242f599072206029d9fd901ad7') in 0.006681 seconds
Number of updated asset objects reloaded before import = 0Number of asset objects unloaded after import = 3

========================================================================
Received Import Request.
  Time since last request: 0.000014 seconds.
  path: Assets/Graphics/ForAtlas/Icon_stat_dodge.png
  artifactKey: Guid(b627d5240c10a0a4abd98ae6bc6973ec) Importer(815301076,1909f56bfc062723c751e8b465ee728b)
Start importing Assets/Graphics/ForAtlas/Icon_stat_dodge.png using Guid(b627d5240c10a0a4abd98ae6bc6973ec) Importer(815301076,1909f56bfc062723c751e8b465ee728b) (PreviewImporter) -> (artifact id: 'de5357b180ca9831631ff5da7dbc081e') in 0.0080919 seconds
Number of updated asset objects reloaded before import = 0Number of asset objects unloaded after import = 3

========================================================================
Received Import Request.
  Time since last request: 0.000016 seconds.
  path: Assets/Graphics/ForAtlas/bg_jungle2.png
  artifactKey: Guid(be274fdbd8c21064bb27cd54d3da7092) Importer(815301076,1909f56bfc062723c751e8b465ee728b)
Start importing Assets/Graphics/ForAtlas/bg_jungle2.png using Guid(be274fdbd8c21064bb27cd54d3da7092) Importer(815301076,1909f56bfc062723c751e8b465ee728b) (PreviewImporter) -> (artifact id: '8080dd2f03781cac72c1d5704dba01ba') in 0.0069889 seconds
Number of updated asset objects reloaded before import = 0Number of asset objects unloaded after import = 3

========================================================================
Received Import Request.
  Time since last request: 0.000015 seconds.
  path: Assets/Graphics/ForAtlas/Icon_stat_earth_attack.png
  artifactKey: Guid(433803090d938754b96f720f9e68a7f7) Importer(815301076,1909f56bfc062723c751e8b465ee728b)
Start importing Assets/Graphics/ForAtlas/Icon_stat_earth_attack.png using Guid(433803090d938754b96f720f9e68a7f7) Importer(815301076,1909f56bfc062723c751e8b465ee728b) (PreviewImporter) -> (artifact id: '21f6caa2b89f85e9048500023a46023a') in 0.0161819 seconds
Number of updated asset objects reloaded before import = 0Number of asset objects unloaded after import = 3

========================================================================
Received Import Request.
  Time since last request: 0.000013 seconds.
  path: Assets/Graphics/ForAtlas/Frame_Square_Yellow_60px.png
  artifactKey: Guid(9dc4f1c47e63703488d54cf2f984f2fe) Importer(815301076,1909f56bfc062723c751e8b465ee728b)
Start importing Assets/Graphics/ForAtlas/Frame_Square_Yellow_60px.png using Guid(9dc4f1c47e63703488d54cf2f984f2fe) Importer(815301076,1909f56bfc062723c751e8b465ee728b) (PreviewImporter) -> (artifact id: 'cd3ec629bcf58f1a783c697398c96475') in 0.0074622 seconds
Number of updated asset objects reloaded before import = 0Number of asset objects unloaded after import = 3

========================================================================
Received Import Request.
  Time since last request: 2.111660 seconds.
  path: Assets/Graphics/ForAtlas/Icon_stat_elemental_attack.png
  artifactKey: Guid(ab65553703baccd4db4c80c510334cb0) Importer(815301076,1909f56bfc062723c751e8b465ee728b)
Start importing Assets/Graphics/ForAtlas/Icon_stat_elemental_attack.png using Guid(ab65553703baccd4db4c80c510334cb0) Importer(815301076,1909f56bfc062723c751e8b465ee728b) (PreviewImporter) -> (artifact id: 'edc1f859b886fa94c9ef73c8a0b3235e') in 0.0170805 seconds
Number of updated asset objects reloaded before import = 0Number of asset objects unloaded after import = 3

========================================================================
Received Import Request.
  Time since last request: 0.091392 seconds.
  path: Assets/Graphics/ForAtlas/Icon_stat_experience_gain.png
  artifactKey: Guid(9c5358aa4b984b549889934b3c395eaf) Importer(815301076,1909f56bfc062723c751e8b465ee728b)
Start importing Assets/Graphics/ForAtlas/Icon_stat_experience_gain.png using Guid(9c5358aa4b984b549889934b3c395eaf) Importer(815301076,1909f56bfc062723c751e8b465ee728b) (PreviewImporter) -> (artifact id: '9bbfb6bf5272e5772f92aca97794dab6') in 0.0157128 seconds
Number of updated asset objects reloaded before import = 0Number of asset objects unloaded after import = 3

========================================================================
Received Import Request.
  Time since last request: 0.426390 seconds.
  path: Assets/Graphics/ForAtlas/Icon_stat_life.png
  artifactKey: Guid(8fcd1788cebd2e942b645526f6098f5c) Importer(815301076,1909f56bfc062723c751e8b465ee728b)
Start importing Assets/Graphics/ForAtlas/Icon_stat_life.png using Guid(8fcd1788cebd2e942b645526f6098f5c) Importer(815301076,1909f56bfc062723c751e8b465ee728b) (PreviewImporter) -> (artifact id: '2b48707793bcdbc5da4ac2f3f6a496df') in 0.0070941 seconds
Number of updated asset objects reloaded before import = 0Number of asset objects unloaded after import = 3

========================================================================
Received Import Request.
  Time since last request: 0.026442 seconds.
  path: Assets/Graphics/ForAtlas/Icon_stat_min_attack.png
  artifactKey: Guid(29de29683a6ce254da6c16a62927f1b8) Importer(815301076,1909f56bfc062723c751e8b465ee728b)
Start importing Assets/Graphics/ForAtlas/Icon_stat_min_attack.png using Guid(29de29683a6ce254da6c16a62927f1b8) Importer(815301076,1909f56bfc062723c751e8b465ee728b) (PreviewImporter) -> (artifact id: '3080fbd68d32e94ed64b31b55328b076') in 0.0183092 seconds
Number of updated asset objects reloaded before import = 0Number of asset objects unloaded after import = 3

========================================================================
Received Import Request.
  Time since last request: 0.000016 seconds.
  path: Assets/Graphics/ForAtlas/Icon_stat_resurrection_rate.png
  artifactKey: Guid(a024946d37efc334bafb5d6cbc5d40ea) Importer(815301076,1909f56bfc062723c751e8b465ee728b)
Start importing Assets/Graphics/ForAtlas/Icon_stat_resurrection_rate.png using Guid(a024946d37efc334bafb5d6cbc5d40ea) Importer(815301076,1909f56bfc062723c751e8b465ee728b) (PreviewImporter) -> (artifact id: '213ee039ae92e055971373560f70c8cc') in 0.0174479 seconds
Number of updated asset objects reloaded before import = 0Number of asset objects unloaded after import = 3

========================================================================
Received Import Request.
  Time since last request: 0.000012 seconds.
  path: Assets/Graphics/ForAtlas/Icon_stat_skill_damage.png
  artifactKey: Guid(74ef512dfa842e441aaf6edc31ad2e2c) Importer(815301076,1909f56bfc062723c751e8b465ee728b)
Start importing Assets/Graphics/ForAtlas/Icon_stat_skill_damage.png using Guid(74ef512dfa842e441aaf6edc31ad2e2c) Importer(815301076,1909f56bfc062723c751e8b465ee728b) (PreviewImporter) -> (artifact id: '151a2893e4264c4083178267a96bd622') in 0.0155198 seconds
Number of updated asset objects reloaded before import = 0Number of asset objects unloaded after import = 3

========================================================================
Received Import Request.
  Time since last request: 0.000020 seconds.
  path: Assets/Graphics/ForAtlas/icon_tab_shop.png
  artifactKey: Guid(7edcfcd5b955d0e49bd524d95e6d7076) Importer(815301076,1909f56bfc062723c751e8b465ee728b)
Start importing Assets/Graphics/ForAtlas/icon_tab_shop.png using Guid(7edcfcd5b955d0e49bd524d95e6d7076) Importer(815301076,1909f56bfc062723c751e8b465ee728b) (PreviewImporter) -> (artifact id: '073726ee26d5517662593b495d615e65') in 0.0093967 seconds
Number of updated asset objects reloaded before import = 0Number of asset objects unloaded after import = 3

========================================================================
Received Import Request.
  Time since last request: 0.000012 seconds.
  path: Assets/Graphics/ForAtlas/Icon_wealth_apple_of_life.png
  artifactKey: Guid(aa1f417781b3ec5448677246b282c4e5) Importer(815301076,1909f56bfc062723c751e8b465ee728b)
Start importing Assets/Graphics/ForAtlas/Icon_wealth_apple_of_life.png using Guid(aa1f417781b3ec5448677246b282c4e5) Importer(815301076,1909f56bfc062723c751e8b465ee728b) (PreviewImporter) -> (artifact id: 'd7ad2d6304fe4ced32b2c9950dc9a102') in 0.0159382 seconds
Number of updated asset objects reloaded before import = 0Number of asset objects unloaded after import = 3

Editor requested this worker to shutdown with reason: Scaling down because of idle timeout
AssetImportWorker is now disconnected from the server
Process exiting
Exiting without the bug reporter. Application will terminate with return code 0